Arguments: 
  C:\Program Files\nodejs\node.exe C:\Users\tatic\AppData\Roaming\npm\node_modules\yarn\bin\yarn.js init

PATH: 
  ;;;;;C:\Windows\system32;C:\Windows;C:\Windows\System32\Wbem;C:\Windows\System32\WindowsPowerShell\v1.0\;C:\Windows\System32\OpenSSH\;C:\Program Files\TortoiseGit\bin;C:\Program Files\Git\cmd;C:\Program Files\nodejs\;C:\Users\tatic\AppData\Local\Microsoft\WindowsApps;C:\Users\tatic\AppData\Local\Programs\Microsoft VS Code\bin;C:\Hugo\bin;C:\Users\tatic\AppData\Roaming\npm;

Yarn version: 
  1.22.10

Node version: 
  14.17.0

Platform: 
  win32 x64

Trace: 
  Error: canceled
      at Interface.<anonymous> (C:\Users\tatic\AppData\Roaming\npm\node_modules\yarn\lib\cli.js:136216:13)
      at Interface.emit (events.js:376:20)
      at Interface._ttyWrite (readline.js:880:16)
      at ReadStream.onkeypress (readline.js:213:10)
      at ReadStream.emit (events.js:376:20)
      at emitKeys (internal/readline/utils.js:345:14)
      at emitKeys.next (<anonymous>)
      at ReadStream.onData (readline.js:1149:36)
      at ReadStream.emit (events.js:376:20)
      at addChunk (internal/streams/readable.js:309:12)

npm manifest: 
  {
    "name": "nb-static-hugo-template",
    "description": "NB theme",
    "version": "1.1.1",
    "author": "NB Communication Ltd <info@nbcommunication.com>",
    "license": "MIT",
    "private": true,
    "hugo-bin": {
      "buildTags": "extended"
    },
    "browserslist": [
      "defaults"
    ],
    "repository": "",
    "publishConfig": {
      "access": "public"
    },
    "scripts": {
      "init": "rimraf .git && git init -b main",
      "create": "hugo new",
      "prestart": "npm run clean",
      "start": "hugo server --bind=0.0.0.0 --disableFastRender",
      "prebuild": "npm run clean",
      "build": "hugo --gc --minify && npm run build:functions",
      "build:functions": "netlify-lambda build assets/lambda",
      "build:preview": "npm run build -D -F",
      "clean": "rimraf public resources functions",
      "lint": "npm run -s lint:scripts && npm run -s lint:styles && npm run -s lint:markdown",
      "lint:scripts": "eslint assets/js assets/lambda config",
      "lint:styles": "stylelint \"assets/scss/**/*.{css,sass,scss,sss,less}\"",
      "lint:markdown": "markdownlint *.md content/**/*.md",
      "release": "standard-version",
      "release:dry-run": "standard-version --dry-run",
      "server": "hugo server",
      "test": "npm run -s lint",
      "env": "env",
      "precheck": "npm version",
      "check": "hugo version"
    },
    "devDependencies": {
      "@fullhuman/postcss-purgecss": "^4.0",
      "autoprefixer": "^10.2",
      "clipboard": "^2.0",
      "eslint": "^7.24",
      "flexsearch": "^0.6",
      "hugo-bin": "^0.71",
      "instant.page": "^5.1",
      "lazysizes": "^5.3",
      "markdownlint-cli": "^0.27",
      "mermaid": "^8.10",
      "netlify-lambda": "^2.0",
      "postcss": "^8.2",
      "postcss-cli": "^8.3",
      "purgecss-whitelister": "^2.4",
      "rimraf": "^3.0",
      "shx": "^0.3.3",
      "standard-version": "^9.2",
      "stylelint": "^13.13",
      "stylelint-config-standard": "^22.0",
      "uikit": "^3.6.22"
    },
    "dependencies": {
      "mmenu-js": "^8.5.23"
    },
    "sasslintConfig": ".sass-lint.yml"
  }

yarn manifest: 
  No manifest

Lockfile: 
  No lockfile
